<?xml version="1.0" encoding="UTF-8"?>
<coverage generated="1777367951836" clover="3.2.0">
  <project timestamp="1777367951836" name="All files">
    <metrics statements="25" coveredstatements="24" conditionals="6" coveredconditionals="4" methods="8" coveredmethods="8" elements="39" coveredelements="36" complexity="0" loc="25" ncloc="25" packages="1" files="1" classes="1"/>
    <file name="jwt-token.service.ts" path="/Users/mayongfeng/工作/code/cesium/services/api/src/auth/jwt-token.service.ts">
      <metrics statements="25" coveredstatements="24" conditionals="6" coveredconditionals="4" methods="8" coveredmethods="8"/>
      <line num="1" count="1" type="stmt"/>
      <line num="2" count="1" type="stmt"/>
      <line num="3" count="1" type="stmt"/>
      <line num="4" count="1" type="stmt"/>
      <line num="14" count="1" type="stmt"/>
      <line num="15" count="4" type="stmt"/>
      <line num="18" count="3" type="stmt"/>
      <line num="22" count="2" type="stmt"/>
      <line num="30" count="1" type="cond" truecount="2" falsecount="0"/>
      <line num="31" count="1" type="stmt"/>
      <line num="32" count="1" type="stmt"/>
      <line num="43" count="1" type="stmt"/>
      <line num="47" count="1" type="stmt"/>
      <line num="48" count="1" type="stmt"/>
      <line num="49" count="1" type="stmt"/>
      <line num="54" count="1" type="stmt"/>
      <line num="58" count="2" type="stmt"/>
      <line num="66" count="2" type="cond" truecount="1" falsecount="0"/>
      <line num="67" count="1" type="stmt"/>
      <line num="68" count="1" type="stmt"/>
      <line num="79" count="1" type="stmt"/>
      <line num="82" count="1" type="cond" truecount="0" falsecount="1"/>
      <line num="83" count="0" type="stmt"/>
      <line num="84" count="1" type="stmt"/>
      <line num="88" count="2" type="stmt"/>
    </file>
  </project>
</coverage>
