{"/Users/mayongfeng/工作/code/cesium/services/api/src/auth/jwt-token.service.ts": {"path":"/Users/mayongfeng/工作/code/cesium/services/api/src/auth/jwt-token.service.ts","statementMap":{"0":{"start":{"line":1,"column":0},"end":{"line":1,"column":43}},"1":{"start":{"line":2,"column":0},"end":{"line":2,"column":46}},"2":{"start":{"line":3,"column":0},"end":{"line":3,"column":32}},"3":{"start":{"line":4,"column":0},"end":{"line":4,"column":35}},"4":{"start":{"line":14,"column":7},"end":{"line":90,"column":null}},"5":{"start":{"line":15,"column":31},"end":{"line":15,"column":39}},"6":{"start":{"line":18,"column":4},"end":{"line":18,"column":null}},"7":{"start":{"line":22,"column":4},"end":{"line":22,"column":null}},"8":{"start":{"line":30,"column":16},"end":{"line":30,"column":50}},"9":{"start":{"line":31,"column":25},"end":{"line":31,"column":32}},"10":{"start":{"line":32,"column":18},"end":{"line":41,"column":null}},"11":{"start":{"line":43,"column":4},"end":{"line":43,"column":null}},"12":{"start":{"line":47,"column":16},"end":{"line":47,"column":35}},"13":{"start":{"line":48,"column":25},"end":{"line":48,"column":41}},"14":{"start":{"line":49,"column":18},"end":{"line":52,"column":null}},"15":{"start":{"line":54,"column":4},"end":{"line":54,"column":null}},"16":{"start":{"line":58,"column":20},"end":{"line":60,"column":null}},"17":{"start":{"line":66,"column":4},"end":{"line":67,"column":null}},"18":{"start":{"line":67,"column":6},"end":{"line":67,"column":null}},"19":{"start":{"line":68,"column":4},"end":{"line":75,"column":null}},"20":{"start":{"line":79,"column":20},"end":{"line":81,"column":69}},"21":{"start":{"line":82,"column":4},"end":{"line":83,"column":null}},"22":{"start":{"line":83,"column":6},"end":{"line":83,"column":null}},"23":{"start":{"line":84,"column":4},"end":{"line":84,"column":null}},"24":{"start":{"line":88,"column":4},"end":{"line":88,"column":null}},"25":{"start":{"line":14,"column":13},"end":{"line":14,"column":28}},"26":{"start":{"line":14,"column":13},"end":{"line":90,"column":null}}},"fnMap":{"0":{"name":"(anonymous_11)","decl":{"start":{"line":15,"column":2},"end":{"line":15,"column":31}},"loc":{"start":{"line":15,"column":52},"end":{"line":15,"column":56}}},"1":{"name":"(anonymous_12)","decl":{"start":{"line":17,"column":2},"end":{"line":17,"column":14}},"loc":{"start":{"line":17,"column":26},"end":{"line":19,"column":3}}},"2":{"name":"(anonymous_13)","decl":{"start":{"line":21,"column":2},"end":{"line":21,"column":14}},"loc":{"start":{"line":21,"column":27},"end":{"line":23,"column":3}}},"3":{"name":"(anonymous_14)","decl":{"start":{"line":25,"column":2},"end":{"line":25,"column":12}},"loc":{"start":{"line":25,"column":67},"end":{"line":44,"column":3}}},"4":{"name":"(anonymous_15)","decl":{"start":{"line":46,"column":2},"end":{"line":46,"column":13}},"loc":{"start":{"line":46,"column":25},"end":{"line":55,"column":3}}},"5":{"name":"(anonymous_16)","decl":{"start":{"line":57,"column":2},"end":{"line":57,"column":14}},"loc":{"start":{"line":57,"column":28},"end":{"line":76,"column":3}}},"6":{"name":"(anonymous_17)","decl":{"start":{"line":78,"column":2},"end":{"line":78,"column":15}},"loc":{"start":{"line":78,"column":29},"end":{"line":85,"column":3}}},"7":{"name":"(anonymous_18)","decl":{"start":{"line":87,"column":2},"end":{"line":87,"column":8}},"loc":{"start":{"line":87,"column":22},"end":{"line":89,"column":3}}}},"branchMap":{"0":{"loc":{"start":{"line":30,"column":16},"end":{"line":30,"column":50}},"type":"binary-expr","locations":[{"start":{"line":30,"column":16},"end":{"line":30,"column":27}},{"start":{"line":30,"column":31},"end":{"line":30,"column":50}}]},"1":{"loc":{"start":{"line":66,"column":4},"end":{"line":67,"column":null}},"type":"if","locations":[{"start":{"line":66,"column":4},"end":{"line":67,"column":null}}]},"2":{"loc":{"start":{"line":72,"column":19},"end":{"line":74,"column":12}},"type":"cond-expr","locations":[{"start":{"line":73,"column":10},"end":{"line":73,"column":29}},{"start":{"line":74,"column":10},"end":{"line":74,"column":12}}]},"3":{"loc":{"start":{"line":82,"column":4},"end":{"line":83,"column":null}},"type":"if","locations":[{"start":{"line":82,"column":4},"end":{"line":83,"column":null}}]}},"s":{"0":1,"1":1,"2":1,"3":1,"4":1,"5":4,"6":3,"7":2,"8":1,"9":1,"10":1,"11":1,"12":1,"13":1,"14":1,"15":1,"16":2,"17":2,"18":1,"19":1,"20":1,"21":1,"22":0,"23":1,"24":2,"25":1,"26":1},"f":{"0":4,"1":3,"2":2,"3":1,"4":1,"5":2,"6":1,"7":2},"b":{"0":[1,1],"1":[1],"2":[1,0],"3":[0]}}
}
