TN:
SF:src/auth/jwt-token.service.ts
FN:15,(anonymous_11)
FN:17,(anonymous_12)
FN:21,(anonymous_13)
FN:25,(anonymous_14)
FN:46,(anonymous_15)
FN:57,(anonymous_16)
FN:78,(anonymous_17)
FN:87,(anonymous_18)
FNF:8
FNH:8
FNDA:4,(anonymous_11)
FNDA:3,(anonymous_12)
FNDA:2,(anonymous_13)
FNDA:1,(anonymous_14)
FNDA:1,(anonymous_15)
FNDA:2,(anonymous_16)
FNDA:1,(anonymous_17)
FNDA:2,(anonymous_18)
DA:1,1
DA:2,1
DA:3,1
DA:4,1
DA:14,1
DA:15,4
DA:18,3
DA:22,2
DA:30,1
DA:31,1
DA:32,1
DA:43,1
DA:47,1
DA:48,1
DA:49,1
DA:54,1
DA:58,2
DA:66,2
DA:67,1
DA:68,1
DA:79,1
DA:82,1
DA:83,0
DA:84,1
DA:88,2
LF:25
LH:24
BRDA:30,0,0,1
BRDA:30,0,1,1
BRDA:66,1,0,1
BRDA:72,2,0,1
BRDA:72,2,1,0
BRDA:82,3,0,0
BRF:6
BRH:4
end_of_record
